{
  "RSpec": {
    "coverage": {
      "/Users/oliverantcliff/Projects/makers/challenges/week4/bookmark_manager_3/spec/bookmark_spec.rb": [
        1,
        1,
        null,
        1,
        1,
        1,
        1,
        1,
        1,
        null,
        1,
        null,
        1,
        1,
        1,
        null,
        null,
        null,
        1,
        1,
        1,
        1,
        1,
        1,
        1,
        1,
        null,
        null,
        null,
        1,
        1,
        1,
        1,
        1,
        null,
        null,
        null,
        1,
        1,
        1,
        1,
        1,
        1,
        1,
        null,
        null,
        null,
        1,
        1,
        1,
        1,
        1,
        1,
        1,
        1,
        null,
        null,
        null,
        1,
        1,
        1,
        null,
        null,
        1,
        1,
        null,
        null,
        null
      ],
      "/Users/oliverantcliff/Projects/makers/challenges/week4/bookmark_manager_3/spec/database_helper.rb": [
        1,
        null,
        1,
        1,
        1,
        null
      ],
      "/Users/oliverantcliff/Projects/makers/challenges/week4/bookmark_manager_3/spec/databaseconnection_spec.rb": [
        1,
        null,
        1,
        null,
        1,
        1,
        1,
        1,
        null,
        null,
        null,
        1,
        1,
        1,
        1,
        1,
        null,
        null,
        null
      ],
      "/Users/oliverantcliff/Projects/makers/challenges/week4/bookmark_manager_3/spec/feature/add_bookmark_spec.rb": [
        1,
        1,
        null,
        1,
        1,
        1,
        null,
        1,
        1,
        1,
        1,
        1,
        null,
        1,
        1,
        1,
        1,
        null,
        null,
        null
      ],
      "/Users/oliverantcliff/Projects/makers/challenges/week4/bookmark_manager_3/spec/feature/bookmarks_spec.rb": [
        1,
        1,
        null,
        1,
        1,
        1,
        null,
        1,
        null,
        1,
        1,
        1,
        null,
        null
      ],
      "/Users/oliverantcliff/Projects/makers/challenges/week4/bookmark_manager_3/spec/feature/delete_bookmark_spec.rb": [
        1,
        1,
        null,
        1,
        null,
        1,
        1,
        null,
        1,
        null,
        1,
        1,
        null,
        null,
        null
      ],
      "/Users/oliverantcliff/Projects/makers/challenges/week4/bookmark_manager_3/spec/feature/index_spec.rb": [
        null,
        null,
        1,
        1,
        1,
        1,
        null,
        null
      ],
      "/Users/oliverantcliff/Projects/makers/challenges/week4/bookmark_manager_3/spec/feature/requiring_a_valid_url_spec.rb": [
        1,
        1,
        1,
        null,
        1,
        1,
        1,
        1,
        1,
        null,
        1,
        null,
        null,
        1,
        1,
        1,
        1,
        1,
        1,
        null,
        1,
        null,
        null,
        1,
        1,
        1,
        1,
        1,
        1,
        null,
        1,
        null,
        null,
        null,
        null,
        null
      ],
      "/Users/oliverantcliff/Projects/makers/challenges/week4/bookmark_manager_3/spec/feature/update_bookmark_spec.rb": [
        1,
        1,
        null,
        1,
        null,
        1,
        1,
        null,
        1,
        1,
        1,
        1,
        1,
        1,
        1,
        1,
        null,
        null
      ]
    },
    "timestamp": 1568388791
  }
}
